[      43ms] [LOG] [Telegram.WebView] > postEvent web_app_set_header_color {color_key: bg_color} @ https://telegram.org/js/telegram-web-app.js:134
[      43ms] [LOG] [Telegram.WebView] > postEvent web_app_set_bottom_bar_color {color: #ffffff} @ https://telegram.org/js/telegram-web-app.js:134
[      44ms] [LOG] [Telegram.WebView] > postEvent web_app_request_theme  @ https://telegram.org/js/telegram-web-app.js:134
[      44ms] [LOG] [Telegram.WebView] > postEvent web_app_request_viewport  @ https://telegram.org/js/telegram-web-app.js:134
[      44ms] [LOG] [Telegram.WebView] > postEvent web_app_request_safe_area  @ https://telegram.org/js/telegram-web-app.js:134
[      44ms] [LOG] [Telegram.WebView] > postEvent web_app_request_content_safe_area  @ https://telegram.org/js/telegram-web-app.js:134
[      71ms] [LOG] Database loaded successfully: 24 elements. @ http://localhost:8000/gameState.js:28
[      72ms] [LOG] [Telegram.WebView] > postEvent web_app_expand  @ https://telegram.org/js/telegram-web-app.js:134
[      72ms] [LOG] [Telegram.WebView] > postEvent web_app_ready  @ https://telegram.org/js/telegram-web-app.js:134
[      72ms] [LOG] Running in Telegram but no user data found (initDataUnsafe empty). @ http://localhost:8000/telegramApp.js:26
[      72ms] [LOG] Previous laboratory restored. @ http://localhost:8000/app.js:472
[      74ms] [LOG] [Telegram.WebView] > postEvent web_app_setup_main_button {is_visible: true, is_active: true, is_progress_visible: false, icon_custom_emoji_id: false, text: Собрать прибыль (+2 🪙)} @ https://telegram.org/js/telegram-web-app.js:134
[      98ms] [ERROR] Failed to load resource: the server responded with a status of 404 (File not found) @ http://localhost:8000/assets/images/fairik.png:0
[      98ms] [ERROR] Failed to load resource: the server responded with a status of 404 (File not found) @ http://localhost:8000/assets/images/aquarik.png:0
[      99ms] [ERROR] Failed to load resource: the server responded with a status of 404 (File not found) @ http://localhost:8000/assets/images/liftik.png:0
[      99ms] [ERROR] Failed to load resource: the server responded with a status of 404 (File not found) @ http://localhost:8000/assets/images/tenevik.png:0
[     100ms] [ERROR] Failed to load resource: the server responded with a status of 404 (File not found) @ http://localhost:8000/assets/images/mechanic.png:0
[   35113ms] [LOG] [Telegram.WebView] > postEvent web_app_setup_main_button {is_visible: false} @ https://telegram.org/js/telegram-web-app.js:134
[  111182ms] [ERROR] Failed to load resource: the server responded with a status of 404 (File not found) @ http://localhost:8000/assets/images/fairik.png:0
[  111183ms] [ERROR] Failed to load resource: the server responded with a status of 404 (File not found) @ http://localhost:8000/assets/images/aquarik.png:0
[  111183ms] [ERROR] Failed to load resource: the server responded with a status of 404 (File not found) @ http://localhost:8000/assets/images/inferno.png:0
[  111184ms] [ERROR] Failed to load resource: the server responded with a status of 404 (File not found) @ http://localhost:8000/assets/images/mechanic.png:0
[  111184ms] [ERROR] Failed to load resource: the server responded with a status of 404 (File not found) @ http://localhost:8000/assets/images/liftik.png:0
[  111185ms] [ERROR] Failed to load resource: the server responded with a status of 404 (File not found) @ http://localhost:8000/assets/images/tenevik.png:0
[  111185ms] [ERROR] Failed to load resource: the server responded with a status of 404 (File not found) @ http://localhost:8000/assets/images/geyserik.png:0
[  111186ms] [ERROR] Failed to load resource: the server responded with a status of 404 (File not found) @ http://localhost:8000/assets/images/evo_leaf.png:0
[  111186ms] [ERROR] Failed to load resource: the server responded with a status of 404 (File not found) @ http://localhost:8000/assets/images/robotyan.png:0
[  111186ms] [ERROR] Failed to load resource: the server responded with a status of 404 (File not found) @ http://localhost:8000/assets/images/nuklik.png:0
[  238426ms] [ERROR] Failed to load resource: the server responded with a status of 404 (File not found) @ http://localhost:8000/assets/images/phoenix.png:0
[  238426ms] [ERROR] Failed to load resource: the server responded with a status of 404 (File not found) @ http://localhost:8000/assets/images/fairik.png:0
[  238427ms] [ERROR] Failed to load resource: the server responded with a status of 404 (File not found) @ http://localhost:8000/assets/images/inferno.png:0
[  238427ms] [ERROR] Failed to load resource: the server responded with a status of 404 (File not found) @ http://localhost:8000/assets/images/solar_titan.png:0
[  238428ms] [ERROR] Failed to load resource: the server responded with a status of 404 (File not found) @ http://localhost:8000/assets/images/aquarik.png:0
[  238428ms] [ERROR] Failed to load resource: the server responded with a status of 404 (File not found) @ http://localhost:8000/assets/images/geyserik.png:0
[  238429ms] [ERROR] Failed to load resource: the server responded with a status of 404 (File not found) @ http://localhost:8000/assets/images/hydron.png:0
[  238429ms] [ERROR] Failed to load resource: the server responded with a status of 404 (File not found) @ http://localhost:8000/assets/images/leviathan.png:0
[  238429ms] [ERROR] Failed to load resource: the server responded with a status of 404 (File not found) @ http://localhost:8000/assets/images/liftik.png:0
[  238430ms] [ERROR] Failed to load resource: the server responded with a status of 404 (File not found) @ http://localhost:8000/assets/images/evo_leaf.png:0
[  238430ms] [ERROR] Failed to load resource: the server responded with a status of 404 (File not found) @ http://localhost:8000/assets/images/dryadon.png:0
[  238431ms] [ERROR] Failed to load resource: the server responded with a status of 404 (File not found) @ http://localhost:8000/assets/images/gaia_titan.png:0
[  238432ms] [ERROR] Failed to load resource: the server responded with a status of 404 (File not found) @ http://localhost:8000/assets/images/mechanic.png:0
[  238432ms] [ERROR] Failed to load resource: the server responded with a status of 404 (File not found) @ http://localhost:8000/assets/images/megabot.png:0
[  238432ms] [ERROR] Failed to load resource: the server responded with a status of 404 (File not found) @ http://localhost:8000/assets/images/titan_mech.png:0
[  238433ms] [ERROR] Failed to load resource: the server responded with a status of 404 (File not found) @ http://localhost:8000/assets/images/robotyan.png:0
[  238433ms] [ERROR] Failed to load resource: the server responded with a status of 404 (File not found) @ http://localhost:8000/assets/images/bettik.png:0
[  238434ms] [ERROR] Failed to load resource: the server responded with a status of 404 (File not found) @ http://localhost:8000/assets/images/tenevik.png:0
[  238434ms] [ERROR] Failed to load resource: the server responded with a status of 404 (File not found) @ http://localhost:8000/assets/images/nuklik.png:0
[  238435ms] [ERROR] Failed to load resource: the server responded with a status of 404 (File not found) @ http://localhost:8000/assets/images/shedovich.png:0
[  238435ms] [ERROR] Failed to load resource: the server responded with a status of 404 (File not found) @ http://localhost:8000/assets/images/steam_dragon.png:0
[  238436ms] [ERROR] Failed to load resource: the server responded with a status of 404 (File not found) @ http://localhost:8000/assets/images/biorobot.png:0
[  238436ms] [ERROR] Failed to load resource: the server responded with a status of 404 (File not found) @ http://localhost:8000/assets/images/ash_demon.png:0
[  238437ms] [ERROR] Failed to load resource: the server responded with a status of 404 (File not found) @ http://localhost:8000/assets/images/abyssal_leviathan.png:0
